c:\fs\spr\lab3_helperlibrary\lab3_helperlibrary\x64\debug\vc143.pdb
c:\fs\spr\lab3_helperlibrary\lab3_helperlibrary\x64\debug\vc143.idb
c:\fs\spr\lab3_helperlibrary\lab3_helperlibrary\x64\debug\lab3_helperlibrary.obj
c:\fs\spr\lab3_helperlibrary\lab3_helperlibrary\x64\debug\helper.obj
c:\fs\spr\lab3_helperlibrary\x64\debug\lab3_helperlibrary.pdb
c:\fs\spr\lab3_helperlibrary\lab3_helperlibrary\x64\debug\lab3_hel.28a14733.tlog\cl.command.1.tlog
c:\fs\spr\lab3_helperlibrary\lab3_helperlibrary\x64\debug\lab3_hel.28a14733.tlog\cl.items.tlog
c:\fs\spr\lab3_helperlibrary\lab3_helperlibrary\x64\debug\lab3_hel.28a14733.tlog\cl.read.1.tlog
c:\fs\spr\lab3_helperlibrary\lab3_helperlibrary\x64\debug\lab3_hel.28a14733.tlog\cl.write.1.tlog
c:\fs\spr\lab3_helperlibrary\lab3_helperlibrary\x64\debug\lab3_hel.28a14733.tlog\link.46524-cvtres.read.1.tlog
c:\fs\spr\lab3_helperlibrary\lab3_helperlibrary\x64\debug\lab3_hel.28a14733.tlog\link.46524-cvtres.write.1.tlog
c:\fs\spr\lab3_helperlibrary\lab3_helperlibrary\x64\debug\lab3_hel.28a14733.tlog\link.46524-rc.read.1.tlog
c:\fs\spr\lab3_helperlibrary\lab3_helperlibrary\x64\debug\lab3_hel.28a14733.tlog\link.46524-rc.write.1.tlog
c:\fs\spr\lab3_helperlibrary\lab3_helperlibrary\x64\debug\lab3_hel.28a14733.tlog\link.46524.read.1.tlog
c:\fs\spr\lab3_helperlibrary\lab3_helperlibrary\x64\debug\lab3_hel.28a14733.tlog\link.46524.read.2.tlog
c:\fs\spr\lab3_helperlibrary\lab3_helperlibrary\x64\debug\lab3_hel.28a14733.tlog\link.46524.read.3.tlog
c:\fs\spr\lab3_helperlibrary\lab3_helperlibrary\x64\debug\lab3_hel.28a14733.tlog\link.46524.read.4.tlog
c:\fs\spr\lab3_helperlibrary\lab3_helperlibrary\x64\debug\lab3_hel.28a14733.tlog\link.46524.read.5.tlog
c:\fs\spr\lab3_helperlibrary\lab3_helperlibrary\x64\debug\lab3_hel.28a14733.tlog\link.46524.write.1.tlog
c:\fs\spr\lab3_helperlibrary\lab3_helperlibrary\x64\debug\lab3_hel.28a14733.tlog\link.command.1.tlog
c:\fs\spr\lab3_helperlibrary\lab3_helperlibrary\x64\debug\lab3_hel.28a14733.tlog\link.read.1.tlog
c:\fs\spr\lab3_helperlibrary\lab3_helperlibrary\x64\debug\lab3_hel.28a14733.tlog\link.write.1.tlog
